<?xml version="1.0" encoding="UTF-8"?>
<!-- Generated by org.testng.reporters.JUnitReportReporter -->
<testsuite skipped="0" hostname="BAHUR" name="TestAbv" tests="1" failures="0" timestamp="11 VIII 2018 07:27:02 GMT" time="4.872" errors="0">
  <testcase name="userLogin" time="4.872" classname="TestAbv"/>
</testsuite> <!-- TestAbv -->
