<?xml version="1.0" encoding="UTF-8"?>
<!-- Generated by org.testng.reporters.JUnitReportReporter -->
<testsuite skipped="0" hostname="BAHUR" name="LoginTestsPositive" tests="1" failures="0" timestamp="09 VIII 2018 11:29:55 GMT" time="12.064" errors="0">
  <testcase name="loginTestsPositive" time="12.064" classname="LoginTestsPositive"/>
</testsuite> <!-- LoginTestsPositive -->
