<?xml version="1.0" encoding="UTF-8"?>
<!-- Generated by org.testng.reporters.JUnitReportReporter -->
<testsuite skipped="0" hostname="BAHUR" name="TestAbv" tests="1" failures="0" timestamp="10 VIII 2018 13:36:16 GMT" time="3.171" errors="0">
  <testcase name="userLogin" time="3.171" classname="TestAbv"/>
</testsuite> <!-- TestAbv -->
