<?xml version="1.0" encoding="UTF-8"?>
<!-- Generated by org.testng.reporters.JUnitReportReporter -->
<testsuite skipped="0" hostname="BAHUR" name="TestEmagPurchase" tests="1" failures="0" timestamp="17 VIII 2018 07:55:01 GMT" time="27.848" errors="0">
  <testcase name="userCanPlaceOrderUsingCourierDelivery" time="27.848" classname="TestEmagPurchase"/>
</testsuite> <!-- TestEmagPurchase -->
